1596508691656	geckodriver	INFO	Listening on 127.0.0.1:4941
1596508694749	mozrunner::runner	INFO	Running command: "C:\\Program Files (x86)\\Mozilla Firefox\\firefox.exe" "--marionette" "-foreground" "-no-remote" "-profile" "C:\\Users\\19144\\AppData\\Local\\Temp\\rust_mozprofileVX3LgN"
JavaScript error: resource://gre/modules/XULStore.jsm, line 66: Error: Can't find profile directory.
console.error: SearchCache: "_readCacheFile: Error reading cache file:" (new Error("", "(unknown module)"))
1596508698097	Marionette	INFO	Listening on port 4949
1596508698426	Marionette	WARN	TLS certificate errors will be ignored for this session
JavaScript error: https://dss1.bdstatic.com/5eN1bjq8AAUYm2zgoY3K/r/www/cache/static/protocol/https/plugins/every_cookie_4644b13.js, line 4: ReferenceError: c is not defined
1596508701476	Marionette	INFO	Stopped listening on port 4949
console.error: services.settings: 
  main/cfr-fxa Signature failed  TypeError: NetworkError when attempting to fetch resource.

###!!! [Child][RunMessage] Error: Channel closing: too late to send/recv, messages will be lost


###!!! [Child][MessageChannel::SendAndWait] Error: Channel error: cannot send/recv

1596523184847	geckodriver	INFO	Listening on 127.0.0.1:5839
1596523187953	mozrunner::runner	INFO	Running command: "C:\\Program Files (x86)\\Mozilla Firefox\\firefox.exe" "--marionette" "-foreground" "-no-remote" "-profile" "C:\\Users\\19144\\AppData\\Local\\Temp\\rust_mozprofileNjAGDq"
JavaScript error: resource://gre/modules/XULStore.jsm, line 66: Error: Can't find profile directory.
console.error: SearchCache: "_readCacheFile: Error reading cache file:" (new Error("", "(unknown module)"))
1596523191341	Marionette	INFO	Listening on port 5847
1596523191638	Marionette	WARN	TLS certificate errors will be ignored for this session
1596523196118	Marionette	INFO	Stopped listening on port 5847

###!!! [Child][RunMessage] Error: Channel closing: too late to send/recv, messages will be lost


###!!! [Child][MessageChannel::SendAndWait] Error: Channel error: cannot send/recv

1596523197616	geckodriver	INFO	Listening on 127.0.0.1:5950
1596523200676	mozrunner::runner	INFO	Running command: "C:\\Program Files (x86)\\Mozilla Firefox\\firefox.exe" "--marionette" "-foreground" "-no-remote" "-profile" "C:\\Users\\19144\\AppData\\Local\\Temp\\rust_mozprofileeUAVit"
JavaScript error: resource://gre/modules/XULStore.jsm, line 66: Error: Can't find profile directory.
console.error: SearchCache: "_readCacheFile: Error reading cache file:" (new Error("", "(unknown module)"))
1596523204024	Marionette	INFO	Listening on port 5958
1596523204334	Marionette	WARN	TLS certificate errors will be ignored for this session
1596523234800	Marionette	INFO	Stopped listening on port 5958

###!!! [Child][RunMessage] Error: Channel closing: too late to send/recv, messages will be lost


###!!! [Child][MessageChannel::SendAndWait] Error: Channel error: cannot send/recv

1596523596067	geckodriver	INFO	Listening on 127.0.0.1:6179
1596523599128	mozrunner::runner	INFO	Running command: "C:\\Program Files (x86)\\Mozilla Firefox\\firefox.exe" "--marionette" "-foreground" "-no-remote" "-profile" "C:\\Users\\19144\\AppData\\Local\\Temp\\rust_mozprofilemKPKZn"
JavaScript error: resource://gre/modules/XULStore.jsm, line 66: Error: Can't find profile directory.
console.error: SearchCache: "_readCacheFile: Error reading cache file:" (new Error("", "(unknown module)"))
1596523602432	Marionette	INFO	Listening on port 6187
1596523602799	Marionette	WARN	TLS certificate errors will be ignored for this session
1596523608296	Marionette	INFO	Stopped listening on port 6187

###!!! [Child][RunMessage] Error: Channel closing: too late to send/recv, messages will be lost


###!!! [Child][MessageChannel::SendAndWait] Error: Channel error: cannot send/recv

1596523609796	geckodriver	INFO	Listening on 127.0.0.1:6273
1596523612849	mozrunner::runner	INFO	Running command: "C:\\Program Files (x86)\\Mozilla Firefox\\firefox.exe" "--marionette" "-foreground" "-no-remote" "-profile" "C:\\Users\\19144\\AppData\\Local\\Temp\\rust_mozprofilenTKmbE"
JavaScript error: resource://gre/modules/XULStore.jsm, line 66: Error: Can't find profile directory.
console.error: SearchCache: "_readCacheFile: Error reading cache file:" (new Error("", "(unknown module)"))
1596523616047	Marionette	INFO	Listening on port 6281
1596523616515	Marionette	WARN	TLS certificate errors will be ignored for this session
1596523646920	Marionette	INFO	Stopped listening on port 6281

###!!! [Child][RunMessage] Error: Channel closing: too late to send/recv, messages will be lost


###!!! [Child][MessageChannel::SendAndWait] Error: Channel error: cannot send/recv

1596524299906	geckodriver	INFO	Listening on 127.0.0.1:6434
1596524302986	mozrunner::runner	INFO	Running command: "C:\\Program Files (x86)\\Mozilla Firefox\\firefox.exe" "--marionette" "-foreground" "-no-remote" "-profile" "C:\\Users\\19144\\AppData\\Local\\Temp\\rust_mozprofileXinOHX"
JavaScript error: resource://gre/modules/XULStore.jsm, line 66: Error: Can't find profile directory.
console.error: SearchCache: "_readCacheFile: Error reading cache file:" (new Error("", "(unknown module)"))
1596524306415	Marionette	INFO	Listening on port 6442
1596524306654	Marionette	WARN	TLS certificate errors will be ignored for this session
1596524311100	Marionette	INFO	Stopped listening on port 6442

###!!! [Child][RunMessage] Error: Channel closing: too late to send/recv, messages will be lost


###!!! [Child][MessageChannel::SendAndWait] Error: Channel error: cannot send/recv

1596524312683	geckodriver	INFO	Listening on 127.0.0.1:6545
1596524315786	mozrunner::runner	INFO	Running command: "C:\\Program Files (x86)\\Mozilla Firefox\\firefox.exe" "--marionette" "-foreground" "-no-remote" "-profile" "C:\\Users\\19144\\AppData\\Local\\Temp\\rust_mozprofilepJkRbc"
JavaScript error: resource://gre/modules/XULStore.jsm, line 66: Error: Can't find profile directory.
console.error: SearchCache: "_readCacheFile: Error reading cache file:" (new Error("", "(unknown module)"))
1596524319071	Marionette	INFO	Listening on port 6553
1596524319467	Marionette	WARN	TLS certificate errors will be ignored for this session
console.error: Region.jsm: "Error fetching region" (new AbortError("The operation was aborted. ", (void 0), 636))
console.error: Region.jsm: "Failed to fetch region" (new Error("NO_RESULT", "resource://gre/modules/Region.jsm", 343))
1596524349940	Marionette	INFO	Stopped listening on port 6553

###!!! [Child][RunMessage] Error: Channel closing: too late to send/recv, messages will be lost


###!!! [Child][MessageChannel::SendAndWait] Error: Channel error: cannot send/recv

1596524665413	geckodriver	INFO	Listening on 127.0.0.1:6681
1596524668502	mozrunner::runner	INFO	Running command: "C:\\Program Files (x86)\\Mozilla Firefox\\firefox.exe" "--marionette" "-foreground" "-no-remote" "-profile" "C:\\Users\\19144\\AppData\\Local\\Temp\\rust_mozprofilesD1yph"
JavaScript error: resource://gre/modules/XULStore.jsm, line 66: Error: Can't find profile directory.
console.error: SearchCache: "_readCacheFile: Error reading cache file:" (new Error("", "(unknown module)"))
1596524671751	Marionette	INFO	Listening on port 6689
1596524672146	Marionette	WARN	TLS certificate errors will be ignored for this session
JavaScript error: https://dss1.bdstatic.com/5eN1bjq8AAUYm2zgoY3K/r/www/cache/static/protocol/https/plugins/every_cookie_4644b13.js, line 4: ReferenceError: c is not defined
console.error: Region.jsm: "Error fetching region" (new AbortError("The operation was aborted. ", (void 0), 636))
console.error: Region.jsm: "Failed to fetch region" (new Error("NO_RESULT", "resource://gre/modules/Region.jsm", 343))
1596524676550	Marionette	INFO	Stopped listening on port 6689

###!!! [Child][RunMessage] Error: Channel closing: too late to send/recv, messages will be lost


###!!! [Child][MessageChannel::SendAndWait] Error: Channel error: cannot send/recv

1596524678049	geckodriver	INFO	Listening on 127.0.0.1:6777
1596524681095	mozrunner::runner	INFO	Running command: "C:\\Program Files (x86)\\Mozilla Firefox\\firefox.exe" "--marionette" "-foreground" "-no-remote" "-profile" "C:\\Users\\19144\\AppData\\Local\\Temp\\rust_mozprofileyQSqcT"
JavaScript error: resource://gre/modules/XULStore.jsm, line 66: Error: Can't find profile directory.
console.error: SearchCache: "_readCacheFile: Error reading cache file:" (new Error("", "(unknown module)"))
1596524684252	Marionette	INFO	Listening on port 6785
1596524684760	Marionette	WARN	TLS certificate errors will be ignored for this session
1596524715236	Marionette	INFO	Stopped listening on port 6785

###!!! [Child][RunMessage] Error: Channel closing: too late to send/recv, messages will be lost


###!!! [Child][MessageChannel::SendAndWait] Error: Channel error: cannot send/recv

